<?xml version="1.0" encoding="UTF-8"?>
<!-- Generated by org.testng.reporters.JUnitReportReporter -->
<testsuite hostname="Fatihs-MacBook-Air.local" failures="0" tests="2" name="com.github.sevcensokmen.eehotelbooking.runners.PositiveTest" time="52.401" errors="0" timestamp="27 Apr 2019 23:01:16 GMT">
  <testcase classname="com.github.sevcensokmen.eehotelbooking.runners.PositiveTest" name="feature" time="33.330"/>
  <testcase classname="com.github.sevcensokmen.eehotelbooking.runners.PositiveTest" name="feature" time="19.071"/>
</testsuite> <!-- com.github.sevcensokmen.eehotelbooking.runners.PositiveTest -->
